11/24/2016 7:58:22 AM	This log contains information about the import schema operation into project 'SQL' on computer 'TONYVM' by user 'tony'.
11/24/2016 7:58:22 AM	Import of database schema has started.
11/24/2016 7:58:28 AM	Gathering error messages
11/24/2016 7:58:28 AM	Gathering cryptographic providers
11/24/2016 7:58:28 AM	Gathering credentials
11/24/2016 7:58:28 AM	Gathering logins
11/24/2016 7:58:28 AM	Gathering server roles
11/24/2016 7:58:28 AM	Gathering server role memberships
11/24/2016 7:58:28 AM	Gathering linked servers
11/24/2016 7:58:28 AM	Gathering linked server logins
11/24/2016 7:58:28 AM	Gathering routes
11/24/2016 7:58:28 AM	Gathering ddl triggers
11/24/2016 7:58:28 AM	Gathering encrypted and clr ddl triggers
11/24/2016 7:58:28 AM	Gathering event notifications
11/24/2016 7:58:28 AM	Gathering server audits
11/24/2016 7:58:28 AM	Gathering server audit specifications
11/24/2016 7:58:28 AM	Gathering event notifications
11/24/2016 7:58:37 AM	Gathering database credentials
11/24/2016 7:58:37 AM	Gathering database options
11/24/2016 7:58:37 AM	Gathering users
11/24/2016 7:58:37 AM	Gathering roles
11/24/2016 7:58:37 AM	Gathering application roles
11/24/2016 7:58:37 AM	Gathering role memberships
11/24/2016 7:58:37 AM	Gathering filegroups
11/24/2016 7:58:37 AM	Gathering files
11/24/2016 7:58:37 AM	Gathering full-text catalogs
11/24/2016 7:58:37 AM	Gathering assemblies
11/24/2016 7:58:37 AM	Gathering certificates
11/24/2016 7:58:37 AM	Gathering asymmetric keys
11/24/2016 7:58:37 AM	Gathering symmetric keys
11/24/2016 7:58:37 AM	Gathering encrypted symmetric keys
11/24/2016 7:58:37 AM	Gathering database encryption keys
11/24/2016 7:58:37 AM	Gathering schemas
11/24/2016 7:58:37 AM	Gathering XML schema collections
11/24/2016 7:58:37 AM	Gathering user-defined data types
11/24/2016 7:58:37 AM	Gathering user-defined types
11/24/2016 7:58:37 AM	Gathering table types
11/24/2016 7:58:37 AM	Gathering unique keys for table types
11/24/2016 7:58:37 AM	Gathering primary keys for table types
11/24/2016 7:58:37 AM	Gathering indexes for table types
11/24/2016 7:58:37 AM	Gathering check constraints for table types
11/24/2016 7:58:37 AM	Gathering default constraints for table types
11/24/2016 7:58:37 AM	Gathering partition functions
11/24/2016 7:58:37 AM	Gathering partition schemes
11/24/2016 7:58:37 AM	Gathering functions
11/24/2016 7:58:37 AM	Gathering encrypted functions
11/24/2016 7:58:37 AM	Gathering aggregates
11/24/2016 7:58:37 AM	Gathering procedures
11/24/2016 7:58:37 AM	Gathering encrypted procedures
11/24/2016 7:58:37 AM	Gathering tables
11/24/2016 7:58:38 AM	Gathering primary keys
11/24/2016 7:58:38 AM	Gathering unique constraints
11/24/2016 7:58:38 AM	Gathering foreign keys
11/24/2016 7:58:38 AM	Gathering default constraints
11/24/2016 7:58:38 AM	Gathering check constraints
11/24/2016 7:58:38 AM	Gathering views
11/24/2016 7:58:38 AM	Gathering encrypted views
11/24/2016 7:58:38 AM	Gathering indexes
11/24/2016 7:58:38 AM	Gathering statistics
11/24/2016 7:58:38 AM	Gathering full-text index stoplists
11/24/2016 7:58:38 AM	Gathering search property lists
11/24/2016 7:58:38 AM	Gathering search properties
11/24/2016 7:58:38 AM	Gathering full-text indexes
11/24/2016 7:58:38 AM	Gathering column store indexes
11/24/2016 7:58:38 AM	Gathering spatial indexes
11/24/2016 7:58:38 AM	Gathering XML indexes
11/24/2016 7:58:38 AM	Gathering Selective XML indexes
11/24/2016 7:58:38 AM	Gathering encrypted triggers
11/24/2016 7:58:38 AM	Gathering triggers
11/24/2016 7:58:38 AM	Gathering encrypted and clr ddl triggers
11/24/2016 7:58:38 AM	Gathering ddl triggers
11/24/2016 7:58:38 AM	Gathering synonyms
11/24/2016 7:58:38 AM	Gathering defaults
11/24/2016 7:58:38 AM	Gathering data constraint uddt bindings
11/24/2016 7:58:38 AM	Gathering rules
11/24/2016 7:58:38 AM	Gathering data constraint uddt bindings
11/24/2016 7:58:38 AM	Gathering message types
11/24/2016 7:58:39 AM	Gathering queues
11/24/2016 7:58:39 AM	Gathering contracts
11/24/2016 7:58:39 AM	Gathering services
11/24/2016 7:58:39 AM	Gathering routes
11/24/2016 7:58:39 AM	Gathering event notifications
11/24/2016 7:58:39 AM	Gathering remote service bindings
11/24/2016 7:58:39 AM	Gathering broker priorities
11/24/2016 7:58:39 AM	Gathering database audit specifications
11/24/2016 7:58:39 AM	Gathering signatures
11/24/2016 7:58:39 AM	Gathering data compression options
11/24/2016 7:58:39 AM	Gathering sequence types
11/24/2016 7:58:39 AM	Gathering security policies
11/24/2016 7:58:39 AM	Gather column encryption keys
11/24/2016 7:58:39 AM	Gathering column master keys
11/24/2016 7:58:39 AM	Gathering external data sources
11/24/2016 7:58:39 AM	Gathering external file formats
11/24/2016 7:58:39 AM	Gathering external tables
11/24/2016 7:58:39 AM	Gathering extended properties
11/24/2016 7:58:39 AM	Scanning project for duplicate elements
11/24/2016 7:58:39 AM	Finished duplicate element processing
11/24/2016 7:58:40 AM	Finished importing database.
11/24/2016 7:58:40 AM	A summary of the import was saved to the following location: C:\Users\tony\OneDrive\Repos\blackjack\SQL\Import Schema Logs\SQL_20161124015822.log
11/24/2016 7:58:40 AM	Click Finish to continue...
